Build started 11/8/2012 2:38:34 PM.
     1>Project "C:\Users\AdamCox9\Documents\Visual Studio 2010\Projects\GLTUT\Shaders\Shaders.vcxproj" on node 2 (build target(s)).
     1>InitializeBuildStatus:
         Creating "Debug\Shaders.unsuccessfulbuild" because "AlwaysCreate" was specified.
       ClCompile:
         C:\Program Files (x86)\Microsoft Visual Studio 10.0\VC\bin\CL.exe /c /ZI /nologo /W3 /WX- /Od /Oy- /D _MBCS /Gm /EHsc /RTC1 /MDd /GS /fp:precise /Zc:wchar_t /Zc:forScope /Fo"Debug\\" /Fd"Debug\vc100.pdb" /Gd /TP /analyze- /errorReport:prompt Shaders.cpp
         Shaders.cpp
     1>c:\users\adamcox9\documents\visual studio 2010\projects\gltut\shaders\angel.h(63): warning C4305: 'initializing' : truncation from 'double' to 'const GLfloat'
     1>c:\users\adamcox9\documents\visual studio 2010\projects\gltut\shaders\mat.h(698): warning C4244: '=' : conversion from 'double' to 'GLfloat', possible loss of data
     1>c:\users\adamcox9\documents\visual studio 2010\projects\gltut\shaders\mat.h(699): warning C4244: '=' : conversion from 'double' to 'GLfloat', possible loss of data
     1>c:\users\adamcox9\documents\visual studio 2010\projects\gltut\shaders\mat.h(700): warning C4244: '=' : conversion from 'double' to 'GLfloat', possible loss of data
     1>c:\users\adamcox9\documents\visual studio 2010\projects\gltut\shaders\mat.h(721): warning C4244: '=' : conversion from 'double' to 'GLfloat', possible loss of data
     1>c:\users\adamcox9\documents\visual studio 2010\projects\gltut\shaders\mat.h(723): warning C4244: '=' : conversion from 'double' to 'GLfloat', possible loss of data
     1>c:\users\adamcox9\documents\visual studio 2010\projects\gltut\shaders\mat.h(726): warning C4244: '=' : conversion from 'double' to 'GLfloat', possible loss of data
     1>c:\users\adamcox9\documents\visual studio 2010\projects\gltut\shaders\mat.h(743): warning C4244: '=' : conversion from 'double' to 'GLfloat', possible loss of data
     1>c:\users\adamcox9\documents\visual studio 2010\projects\gltut\shaders\shaders.cpp(53): warning C4305: 'argument' : truncation from 'double' to 'GLfloat'
     1>c:\users\adamcox9\documents\visual studio 2010\projects\gltut\shaders\shaders.cpp(53): warning C4305: 'argument' : truncation from 'double' to 'GLfloat'
     1>c:\users\adamcox9\documents\visual studio 2010\projects\gltut\shaders\shaders.cpp(53): warning C4305: 'argument' : truncation from 'double' to 'GLfloat'
     1>c:\users\adamcox9\documents\visual studio 2010\projects\gltut\shaders\shaders.cpp(54): warning C4305: 'argument' : truncation from 'double' to 'GLfloat'
     1>c:\users\adamcox9\documents\visual studio 2010\projects\gltut\shaders\shaders.cpp(54): warning C4305: 'argument' : truncation from 'double' to 'GLfloat'
     1>c:\users\adamcox9\documents\visual studio 2010\projects\gltut\shaders\shaders.cpp(54): warning C4305: 'argument' : truncation from 'double' to 'GLfloat'
     1>c:\users\adamcox9\documents\visual studio 2010\projects\gltut\shaders\shaders.cpp(55): warning C4305: 'argument' : truncation from 'double' to 'GLfloat'
     1>c:\users\adamcox9\documents\visual studio 2010\projects\gltut\shaders\shaders.cpp(55): warning C4305: 'argument' : truncation from 'double' to 'GLfloat'
     1>c:\users\adamcox9\documents\visual studio 2010\projects\gltut\shaders\shaders.cpp(55): warning C4305: 'argument' : truncation from 'double' to 'GLfloat'
     1>c:\users\adamcox9\documents\visual studio 2010\projects\gltut\shaders\shaders.cpp(56): warning C4305: 'argument' : truncation from 'double' to 'GLfloat'
     1>c:\users\adamcox9\documents\visual studio 2010\projects\gltut\shaders\shaders.cpp(56): warning C4305: 'argument' : truncation from 'double' to 'GLfloat'
     1>c:\users\adamcox9\documents\visual studio 2010\projects\gltut\shaders\shaders.cpp(56): warning C4305: 'argument' : truncation from 'double' to 'GLfloat'
     1>c:\users\adamcox9\documents\visual studio 2010\projects\gltut\shaders\shaders.cpp(64): warning C4305: 'argument' : truncation from 'double' to 'GLfloat'
     1>c:\users\adamcox9\documents\visual studio 2010\projects\gltut\shaders\shaders.cpp(64): warning C4305: 'argument' : truncation from 'double' to 'GLfloat'
     1>c:\users\adamcox9\documents\visual studio 2010\projects\gltut\shaders\shaders.cpp(64): warning C4305: 'argument' : truncation from 'double' to 'GLfloat'
     1>c:\users\adamcox9\documents\visual studio 2010\projects\gltut\shaders\shaders.cpp(65): warning C4305: 'argument' : truncation from 'double' to 'GLfloat'
     1>c:\users\adamcox9\documents\visual studio 2010\projects\gltut\shaders\shaders.cpp(65): warning C4305: 'argument' : truncation from 'double' to 'GLfloat'
     1>c:\users\adamcox9\documents\visual studio 2010\projects\gltut\shaders\shaders.cpp(65): warning C4305: 'argument' : truncation from 'double' to 'GLfloat'
     1>c:\users\adamcox9\documents\visual studio 2010\projects\gltut\shaders\shaders.cpp(66): warning C4305: 'argument' : truncation from 'double' to 'GLfloat'
     1>c:\users\adamcox9\documents\visual studio 2010\projects\gltut\shaders\shaders.cpp(66): warning C4305: 'argument' : truncation from 'double' to 'GLfloat'
     1>c:\users\adamcox9\documents\visual studio 2010\projects\gltut\shaders\shaders.cpp(66): warning C4305: 'argument' : truncation from 'double' to 'GLfloat'
     1>c:\users\adamcox9\documents\visual studio 2010\projects\gltut\shaders\shaders.cpp(67): warning C4305: 'argument' : truncation from 'double' to 'GLfloat'
     1>c:\users\adamcox9\documents\visual studio 2010\projects\gltut\shaders\shaders.cpp(67): warning C4305: 'argument' : truncation from 'double' to 'GLfloat'
     1>c:\users\adamcox9\documents\visual studio 2010\projects\gltut\shaders\shaders.cpp(67): warning C4305: 'argument' : truncation from 'double' to 'GLfloat'
     1>c:\users\adamcox9\documents\visual studio 2010\projects\gltut\shaders\shaders.cpp(75): warning C4305: 'argument' : truncation from 'double' to 'GLfloat'
     1>c:\users\adamcox9\documents\visual studio 2010\projects\gltut\shaders\shaders.cpp(75): warning C4305: 'argument' : truncation from 'double' to 'GLfloat'
     1>c:\users\adamcox9\documents\visual studio 2010\projects\gltut\shaders\shaders.cpp(75): warning C4305: 'argument' : truncation from 'double' to 'GLfloat'
     1>c:\users\adamcox9\documents\visual studio 2010\projects\gltut\shaders\shaders.cpp(76): warning C4305: 'argument' : truncation from 'double' to 'GLfloat'
     1>c:\users\adamcox9\documents\visual studio 2010\projects\gltut\shaders\shaders.cpp(76): warning C4305: 'argument' : truncation from 'double' to 'GLfloat'
     1>c:\users\adamcox9\documents\visual studio 2010\projects\gltut\shaders\shaders.cpp(76): warning C4305: 'argument' : truncation from 'double' to 'GLfloat'
     1>c:\users\adamcox9\documents\visual studio 2010\projects\gltut\shaders\shaders.cpp(77): warning C4305: 'argument' : truncation from 'double' to 'GLfloat'
     1>c:\users\adamcox9\documents\visual studio 2010\projects\gltut\shaders\shaders.cpp(77): warning C4305: 'argument' : truncation from 'double' to 'GLfloat'
     1>c:\users\adamcox9\documents\visual studio 2010\projects\gltut\shaders\shaders.cpp(77): warning C4305: 'argument' : truncation from 'double' to 'GLfloat'
     1>c:\users\adamcox9\documents\visual studio 2010\projects\gltut\shaders\shaders.cpp(78): warning C4305: 'argument' : truncation from 'double' to 'GLfloat'
     1>c:\users\adamcox9\documents\visual studio 2010\projects\gltut\shaders\shaders.cpp(78): warning C4305: 'argument' : truncation from 'double' to 'GLfloat'
     1>c:\users\adamcox9\documents\visual studio 2010\projects\gltut\shaders\shaders.cpp(78): warning C4305: 'argument' : truncation from 'double' to 'GLfloat'
     1>c:\users\adamcox9\documents\visual studio 2010\projects\gltut\shaders\shaders.cpp(86): warning C4305: 'argument' : truncation from 'double' to 'GLfloat'
     1>c:\users\adamcox9\documents\visual studio 2010\projects\gltut\shaders\shaders.cpp(86): warning C4305: 'argument' : truncation from 'double' to 'GLfloat'
     1>c:\users\adamcox9\documents\visual studio 2010\projects\gltut\shaders\shaders.cpp(86): warning C4305: 'argument' : truncation from 'double' to 'GLfloat'
     1>c:\users\adamcox9\documents\visual studio 2010\projects\gltut\shaders\shaders.cpp(87): warning C4305: 'argument' : truncation from 'double' to 'GLfloat'
     1>c:\users\adamcox9\documents\visual studio 2010\projects\gltut\shaders\shaders.cpp(87): warning C4305: 'argument' : truncation from 'double' to 'GLfloat'
     1>c:\users\adamcox9\documents\visual studio 2010\projects\gltut\shaders\shaders.cpp(87): warning C4305: 'argument' : truncation from 'double' to 'GLfloat'
     1>c:\users\adamcox9\documents\visual studio 2010\projects\gltut\shaders\shaders.cpp(88): warning C4305: 'argument' : truncation from 'double' to 'GLfloat'
     1>c:\users\adamcox9\documents\visual studio 2010\projects\gltut\shaders\shaders.cpp(88): warning C4305: 'argument' : truncation from 'double' to 'GLfloat'
     1>c:\users\adamcox9\documents\visual studio 2010\projects\gltut\shaders\shaders.cpp(88): warning C4305: 'argument' : truncation from 'double' to 'GLfloat'
     1>c:\users\adamcox9\documents\visual studio 2010\projects\gltut\shaders\shaders.cpp(89): warning C4305: 'argument' : truncation from 'double' to 'GLfloat'
     1>c:\users\adamcox9\documents\visual studio 2010\projects\gltut\shaders\shaders.cpp(89): warning C4305: 'argument' : truncation from 'double' to 'GLfloat'
     1>c:\users\adamcox9\documents\visual studio 2010\projects\gltut\shaders\shaders.cpp(89): warning C4305: 'argument' : truncation from 'double' to 'GLfloat'
     1>c:\users\adamcox9\documents\visual studio 2010\projects\gltut\shaders\shaders.cpp(97): warning C4305: 'argument' : truncation from 'double' to 'GLfloat'
     1>c:\users\adamcox9\documents\visual studio 2010\projects\gltut\shaders\shaders.cpp(97): warning C4305: 'argument' : truncation from 'double' to 'GLfloat'
     1>c:\users\adamcox9\documents\visual studio 2010\projects\gltut\shaders\shaders.cpp(97): warning C4305: 'argument' : truncation from 'double' to 'GLfloat'
     1>c:\users\adamcox9\documents\visual studio 2010\projects\gltut\shaders\shaders.cpp(98): warning C4305: 'argument' : truncation from 'double' to 'GLfloat'
     1>c:\users\adamcox9\documents\visual studio 2010\projects\gltut\shaders\shaders.cpp(98): warning C4305: 'argument' : truncation from 'double' to 'GLfloat'
     1>c:\users\adamcox9\documents\visual studio 2010\projects\gltut\shaders\shaders.cpp(98): warning C4305: 'argument' : truncation from 'double' to 'GLfloat'
     1>c:\users\adamcox9\documents\visual studio 2010\projects\gltut\shaders\shaders.cpp(99): warning C4305: 'argument' : truncation from 'double' to 'GLfloat'
     1>c:\users\adamcox9\documents\visual studio 2010\projects\gltut\shaders\shaders.cpp(99): warning C4305: 'argument' : truncation from 'double' to 'GLfloat'
     1>c:\users\adamcox9\documents\visual studio 2010\projects\gltut\shaders\shaders.cpp(99): warning C4305: 'argument' : truncation from 'double' to 'GLfloat'
     1>c:\users\adamcox9\documents\visual studio 2010\projects\gltut\shaders\shaders.cpp(100): warning C4305: 'argument' : truncation from 'double' to 'GLfloat'
     1>c:\users\adamcox9\documents\visual studio 2010\projects\gltut\shaders\shaders.cpp(100): warning C4305: 'argument' : truncation from 'double' to 'GLfloat'
     1>c:\users\adamcox9\documents\visual studio 2010\projects\gltut\shaders\shaders.cpp(100): warning C4305: 'argument' : truncation from 'double' to 'GLfloat'
     1>c:\users\adamcox9\documents\visual studio 2010\projects\gltut\shaders\shaders.cpp(104): warning C4244: 'argument' : conversion from 'double' to 'GLfloat', possible loss of data
     1>c:\users\adamcox9\documents\visual studio 2010\projects\gltut\shaders\shaders.cpp(105): warning C4244: 'argument' : conversion from 'double' to 'GLfloat', possible loss of data
     1>c:\users\adamcox9\documents\visual studio 2010\projects\gltut\shaders\shaders.cpp(106): warning C4244: 'argument' : conversion from 'double' to 'GLfloat', possible loss of data
       Link:
         C:\Program Files (x86)\Microsoft Visual Studio 10.0\VC\bin\link.exe /ERRORREPORT:PROMPT /OUT:"C:\Users\AdamCox9\Documents\Visual Studio 2010\Projects\GLTUT\Debug\Shaders.exe" /NOLOGO kernel32.lib user32.lib gdi32.lib winspool.lib comdlg32.lib advapi32.lib shell32.lib ole32.lib oleaut32.lib uuid.lib odbc32.lib odbccp32.lib opengl32.lib glu32.lib glut32.lib glew32.lib kernel32.lib user32.lib gdi32.lib winspool.lib comdlg32.lib advapi32.lib shell32.lib ole32.lib oleaut32.lib uuid.lib odbc32.lib odbccp32.lib /MANIFEST /ManifestFile:"Debug\Shaders.exe.intermediate.manifest" /MANIFESTUAC:"level='asInvoker' uiAccess='false'" /DEBUG /PDB:"C:\Users\AdamCox9\Documents\Visual Studio 2010\Projects\GLTUT\Debug\Shaders.pdb" /TLBID:1 /DYNAMICBASE /NXCOMPAT /IMPLIB:"C:\Users\AdamCox9\Documents\Visual Studio 2010\Projects\GLTUT\Debug\Shaders.lib" /MACHINE:X86 Debug\InitShader.obj
         Debug\Shaders.obj
         LINK : C:\Users\AdamCox9\Documents\Visual Studio 2010\Projects\GLTUT\Debug\Shaders.exe not found or not built by the last incremental link; performing full link
         Shaders.vcxproj -> C:\Users\AdamCox9\Documents\Visual Studio 2010\Projects\GLTUT\Debug\Shaders.exe
       Manifest:
         C:\Program Files (x86)\Microsoft SDKs\Windows\v7.0A\bin\mt.exe /nologo /verbose /outputresource:"C:\Users\AdamCox9\Documents\Visual Studio 2010\Projects\GLTUT\Debug\Shaders.exe;#1" /manifest Debug\Shaders.exe.intermediate.manifest
       FinalizeBuildStatus:
         Deleting file "Debug\Shaders.unsuccessfulbuild".
         Touching "Debug\Shaders.lastbuildstate".
     1>Done Building Project "C:\Users\AdamCox9\Documents\Visual Studio 2010\Projects\GLTUT\Shaders\Shaders.vcxproj" (build target(s)).

Build succeeded.

Time Elapsed 00:00:00.93
