C:\USERS\ADAMCOX9\DOCUMENTS\VISUAL STUDIO 2010\PROJECTS\GLTUT\DEBUG\GLTUT.EXE
C:\USERS\ADAMCOX9\DOCUMENTS\VISUAL STUDIO 2010\PROJECTS\GLTUT\DEBUG\GLTUT.ILK
C:\USERS\ADAMCOX9\DOCUMENTS\VISUAL STUDIO 2010\PROJECTS\GLTUT\DEBUG\GLTUT.PDB
C:\Users\AdamCox9\Documents\Visual Studio 2010\Projects\GLTUT\GLTUT\Debug\cl.command.1.tlog
C:\Users\AdamCox9\Documents\Visual Studio 2010\Projects\GLTUT\GLTUT\Debug\CL.read.1.tlog
C:\Users\AdamCox9\Documents\Visual Studio 2010\Projects\GLTUT\GLTUT\Debug\CL.write.1.tlog
C:\USERS\ADAMCOX9\DOCUMENTS\VISUAL STUDIO 2010\PROJECTS\GLTUT\GLTUT\DEBUG\GLTUT.EXE.EMBED.MANIFEST
C:\USERS\ADAMCOX9\DOCUMENTS\VISUAL STUDIO 2010\PROJECTS\GLTUT\GLTUT\DEBUG\GLTUT.EXE.EMBED.MANIFEST.RES
C:\USERS\ADAMCOX9\DOCUMENTS\VISUAL STUDIO 2010\PROJECTS\GLTUT\GLTUT\DEBUG\GLTUT.EXE.INTERMEDIATE.MANIFEST
C:\USERS\ADAMCOX9\DOCUMENTS\VISUAL STUDIO 2010\PROJECTS\GLTUT\GLTUT\DEBUG\GLTUT.OBJ
C:\USERS\ADAMCOX9\DOCUMENTS\VISUAL STUDIO 2010\PROJECTS\GLTUT\GLTUT\DEBUG\GLTUT.PCH
C:\Users\AdamCox9\Documents\Visual Studio 2010\Projects\GLTUT\GLTUT\Debug\GLTUT_manifest.rc
C:\USERS\ADAMCOX9\DOCUMENTS\VISUAL STUDIO 2010\PROJECTS\GLTUT\GLTUT\DEBUG\INITSHADER.OBJ
C:\Users\AdamCox9\Documents\Visual Studio 2010\Projects\GLTUT\GLTUT\Debug\link.1756.read.1.tlog
C:\Users\AdamCox9\Documents\Visual Studio 2010\Projects\GLTUT\GLTUT\Debug\link.1756.write.1.tlog
C:\Users\AdamCox9\Documents\Visual Studio 2010\Projects\GLTUT\GLTUT\Debug\link.1756-cvtres.read.1.tlog
C:\Users\AdamCox9\Documents\Visual Studio 2010\Projects\GLTUT\GLTUT\Debug\link.1756-cvtres.write.1.tlog
C:\Users\AdamCox9\Documents\Visual Studio 2010\Projects\GLTUT\GLTUT\Debug\link.6048.read.1.tlog
C:\Users\AdamCox9\Documents\Visual Studio 2010\Projects\GLTUT\GLTUT\Debug\link.6048.write.1.tlog
C:\Users\AdamCox9\Documents\Visual Studio 2010\Projects\GLTUT\GLTUT\Debug\link.6048-cvtres.read.1.tlog
C:\Users\AdamCox9\Documents\Visual Studio 2010\Projects\GLTUT\GLTUT\Debug\link.6048-cvtres.write.1.tlog
C:\Users\AdamCox9\Documents\Visual Studio 2010\Projects\GLTUT\GLTUT\Debug\link.command.1.tlog
C:\Users\AdamCox9\Documents\Visual Studio 2010\Projects\GLTUT\GLTUT\Debug\link.read.1.tlog
C:\Users\AdamCox9\Documents\Visual Studio 2010\Projects\GLTUT\GLTUT\Debug\link.write.1.tlog
C:\Users\AdamCox9\Documents\Visual Studio 2010\Projects\GLTUT\GLTUT\Debug\link-cvtres.read.1.tlog
C:\Users\AdamCox9\Documents\Visual Studio 2010\Projects\GLTUT\GLTUT\Debug\link-cvtres.write.1.tlog
C:\Users\AdamCox9\Documents\Visual Studio 2010\Projects\GLTUT\GLTUT\Debug\mt.command.1.tlog
C:\Users\AdamCox9\Documents\Visual Studio 2010\Projects\GLTUT\GLTUT\Debug\mt.read.1.tlog
C:\Users\AdamCox9\Documents\Visual Studio 2010\Projects\GLTUT\GLTUT\Debug\mt.write.1.tlog
C:\Users\AdamCox9\Documents\Visual Studio 2010\Projects\GLTUT\GLTUT\Debug\rc.command.1.tlog
C:\Users\AdamCox9\Documents\Visual Studio 2010\Projects\GLTUT\GLTUT\Debug\rc.read.1.tlog
C:\Users\AdamCox9\Documents\Visual Studio 2010\Projects\GLTUT\GLTUT\Debug\rc.write.1.tlog
C:\USERS\ADAMCOX9\DOCUMENTS\VISUAL STUDIO 2010\PROJECTS\GLTUT\GLTUT\DEBUG\STDAFX.OBJ
C:\Users\AdamCox9\Documents\Visual Studio 2010\Projects\GLTUT\GLTUT\Debug\vc100.idb
C:\USERS\ADAMCOX9\DOCUMENTS\VISUAL STUDIO 2010\PROJECTS\GLTUT\GLTUT\DEBUG\VC100.PDB
