Build started 11/8/2012 3:07:05 PM.
     1>Project "C:\Users\AdamCox9\Documents\Visual Studio 2010\Projects\GLTUT\GLTUT\GLTUT.vcxproj" on node 2 (build target(s)).
     1>InitializeBuildStatus:
         Creating "Debug\GLTUT.unsuccessfulbuild" because "AlwaysCreate" was specified.
       ClCompile:
         C:\Program Files (x86)\Microsoft Visual Studio 10.0\VC\bin\CL.exe /c /ZI /nologo /W3 /WX- /Od /Oy- /D WIN32 /D _DEBUG /D _CONSOLE /D _UNICODE /D UNICODE /Gm /EHsc /RTC1 /MDd /GS /fp:precise /Zc:wchar_t /Zc:forScope /Yu"StdAfx.h" /Fp"Debug\GLTUT.pch" /Fo"Debug\\" /Fd"Debug\vc100.pdb" /Gd /TP /analyze- /errorReport:prompt GLTUT.cpp
         GLTUT.cpp
     1>c:\users\adamcox9\documents\visual studio 2010\projects\gltut\gltut\gltut.cpp(53): warning C4305: 'argument' : truncation from 'double' to 'GLfloat'
     1>c:\users\adamcox9\documents\visual studio 2010\projects\gltut\gltut\gltut.cpp(53): warning C4305: 'argument' : truncation from 'double' to 'GLfloat'
     1>c:\users\adamcox9\documents\visual studio 2010\projects\gltut\gltut\gltut.cpp(53): warning C4305: 'argument' : truncation from 'double' to 'GLfloat'
     1>c:\users\adamcox9\documents\visual studio 2010\projects\gltut\gltut\gltut.cpp(54): warning C4305: 'argument' : truncation from 'double' to 'GLfloat'
     1>c:\users\adamcox9\documents\visual studio 2010\projects\gltut\gltut\gltut.cpp(54): warning C4305: 'argument' : truncation from 'double' to 'GLfloat'
     1>c:\users\adamcox9\documents\visual studio 2010\projects\gltut\gltut\gltut.cpp(54): warning C4305: 'argument' : truncation from 'double' to 'GLfloat'
     1>c:\users\adamcox9\documents\visual studio 2010\projects\gltut\gltut\gltut.cpp(55): warning C4305: 'argument' : truncation from 'double' to 'GLfloat'
     1>c:\users\adamcox9\documents\visual studio 2010\projects\gltut\gltut\gltut.cpp(55): warning C4305: 'argument' : truncation from 'double' to 'GLfloat'
     1>c:\users\adamcox9\documents\visual studio 2010\projects\gltut\gltut\gltut.cpp(55): warning C4305: 'argument' : truncation from 'double' to 'GLfloat'
     1>c:\users\adamcox9\documents\visual studio 2010\projects\gltut\gltut\gltut.cpp(56): warning C4305: 'argument' : truncation from 'double' to 'GLfloat'
     1>c:\users\adamcox9\documents\visual studio 2010\projects\gltut\gltut\gltut.cpp(56): warning C4305: 'argument' : truncation from 'double' to 'GLfloat'
     1>c:\users\adamcox9\documents\visual studio 2010\projects\gltut\gltut\gltut.cpp(56): warning C4305: 'argument' : truncation from 'double' to 'GLfloat'
     1>c:\users\adamcox9\documents\visual studio 2010\projects\gltut\gltut\gltut.cpp(64): warning C4305: 'argument' : truncation from 'double' to 'GLfloat'
     1>c:\users\adamcox9\documents\visual studio 2010\projects\gltut\gltut\gltut.cpp(64): warning C4305: 'argument' : truncation from 'double' to 'GLfloat'
     1>c:\users\adamcox9\documents\visual studio 2010\projects\gltut\gltut\gltut.cpp(64): warning C4305: 'argument' : truncation from 'double' to 'GLfloat'
     1>c:\users\adamcox9\documents\visual studio 2010\projects\gltut\gltut\gltut.cpp(65): warning C4305: 'argument' : truncation from 'double' to 'GLfloat'
     1>c:\users\adamcox9\documents\visual studio 2010\projects\gltut\gltut\gltut.cpp(65): warning C4305: 'argument' : truncation from 'double' to 'GLfloat'
     1>c:\users\adamcox9\documents\visual studio 2010\projects\gltut\gltut\gltut.cpp(65): warning C4305: 'argument' : truncation from 'double' to 'GLfloat'
     1>c:\users\adamcox9\documents\visual studio 2010\projects\gltut\gltut\gltut.cpp(66): warning C4305: 'argument' : truncation from 'double' to 'GLfloat'
     1>c:\users\adamcox9\documents\visual studio 2010\projects\gltut\gltut\gltut.cpp(66): warning C4305: 'argument' : truncation from 'double' to 'GLfloat'
     1>c:\users\adamcox9\documents\visual studio 2010\projects\gltut\gltut\gltut.cpp(66): warning C4305: 'argument' : truncation from 'double' to 'GLfloat'
     1>c:\users\adamcox9\documents\visual studio 2010\projects\gltut\gltut\gltut.cpp(67): warning C4305: 'argument' : truncation from 'double' to 'GLfloat'
     1>c:\users\adamcox9\documents\visual studio 2010\projects\gltut\gltut\gltut.cpp(67): warning C4305: 'argument' : truncation from 'double' to 'GLfloat'
     1>c:\users\adamcox9\documents\visual studio 2010\projects\gltut\gltut\gltut.cpp(67): warning C4305: 'argument' : truncation from 'double' to 'GLfloat'
     1>c:\users\adamcox9\documents\visual studio 2010\projects\gltut\gltut\gltut.cpp(75): warning C4305: 'argument' : truncation from 'double' to 'GLfloat'
     1>c:\users\adamcox9\documents\visual studio 2010\projects\gltut\gltut\gltut.cpp(75): warning C4305: 'argument' : truncation from 'double' to 'GLfloat'
     1>c:\users\adamcox9\documents\visual studio 2010\projects\gltut\gltut\gltut.cpp(75): warning C4305: 'argument' : truncation from 'double' to 'GLfloat'
     1>c:\users\adamcox9\documents\visual studio 2010\projects\gltut\gltut\gltut.cpp(76): warning C4305: 'argument' : truncation from 'double' to 'GLfloat'
     1>c:\users\adamcox9\documents\visual studio 2010\projects\gltut\gltut\gltut.cpp(76): warning C4305: 'argument' : truncation from 'double' to 'GLfloat'
     1>c:\users\adamcox9\documents\visual studio 2010\projects\gltut\gltut\gltut.cpp(76): warning C4305: 'argument' : truncation from 'double' to 'GLfloat'
     1>c:\users\adamcox9\documents\visual studio 2010\projects\gltut\gltut\gltut.cpp(77): warning C4305: 'argument' : truncation from 'double' to 'GLfloat'
     1>c:\users\adamcox9\documents\visual studio 2010\projects\gltut\gltut\gltut.cpp(77): warning C4305: 'argument' : truncation from 'double' to 'GLfloat'
     1>c:\users\adamcox9\documents\visual studio 2010\projects\gltut\gltut\gltut.cpp(77): warning C4305: 'argument' : truncation from 'double' to 'GLfloat'
     1>c:\users\adamcox9\documents\visual studio 2010\projects\gltut\gltut\gltut.cpp(78): warning C4305: 'argument' : truncation from 'double' to 'GLfloat'
     1>c:\users\adamcox9\documents\visual studio 2010\projects\gltut\gltut\gltut.cpp(78): warning C4305: 'argument' : truncation from 'double' to 'GLfloat'
     1>c:\users\adamcox9\documents\visual studio 2010\projects\gltut\gltut\gltut.cpp(78): warning C4305: 'argument' : truncation from 'double' to 'GLfloat'
     1>c:\users\adamcox9\documents\visual studio 2010\projects\gltut\gltut\gltut.cpp(86): warning C4305: 'argument' : truncation from 'double' to 'GLfloat'
     1>c:\users\adamcox9\documents\visual studio 2010\projects\gltut\gltut\gltut.cpp(86): warning C4305: 'argument' : truncation from 'double' to 'GLfloat'
     1>c:\users\adamcox9\documents\visual studio 2010\projects\gltut\gltut\gltut.cpp(86): warning C4305: 'argument' : truncation from 'double' to 'GLfloat'
     1>c:\users\adamcox9\documents\visual studio 2010\projects\gltut\gltut\gltut.cpp(87): warning C4305: 'argument' : truncation from 'double' to 'GLfloat'
     1>c:\users\adamcox9\documents\visual studio 2010\projects\gltut\gltut\gltut.cpp(87): warning C4305: 'argument' : truncation from 'double' to 'GLfloat'
     1>c:\users\adamcox9\documents\visual studio 2010\projects\gltut\gltut\gltut.cpp(87): warning C4305: 'argument' : truncation from 'double' to 'GLfloat'
     1>c:\users\adamcox9\documents\visual studio 2010\projects\gltut\gltut\gltut.cpp(88): warning C4305: 'argument' : truncation from 'double' to 'GLfloat'
     1>c:\users\adamcox9\documents\visual studio 2010\projects\gltut\gltut\gltut.cpp(88): warning C4305: 'argument' : truncation from 'double' to 'GLfloat'
     1>c:\users\adamcox9\documents\visual studio 2010\projects\gltut\gltut\gltut.cpp(88): warning C4305: 'argument' : truncation from 'double' to 'GLfloat'
     1>c:\users\adamcox9\documents\visual studio 2010\projects\gltut\gltut\gltut.cpp(89): warning C4305: 'argument' : truncation from 'double' to 'GLfloat'
     1>c:\users\adamcox9\documents\visual studio 2010\projects\gltut\gltut\gltut.cpp(89): warning C4305: 'argument' : truncation from 'double' to 'GLfloat'
     1>c:\users\adamcox9\documents\visual studio 2010\projects\gltut\gltut\gltut.cpp(89): warning C4305: 'argument' : truncation from 'double' to 'GLfloat'
     1>c:\users\adamcox9\documents\visual studio 2010\projects\gltut\gltut\gltut.cpp(97): warning C4305: 'argument' : truncation from 'double' to 'GLfloat'
     1>c:\users\adamcox9\documents\visual studio 2010\projects\gltut\gltut\gltut.cpp(97): warning C4305: 'argument' : truncation from 'double' to 'GLfloat'
     1>c:\users\adamcox9\documents\visual studio 2010\projects\gltut\gltut\gltut.cpp(97): warning C4305: 'argument' : truncation from 'double' to 'GLfloat'
     1>c:\users\adamcox9\documents\visual studio 2010\projects\gltut\gltut\gltut.cpp(98): warning C4305: 'argument' : truncation from 'double' to 'GLfloat'
     1>c:\users\adamcox9\documents\visual studio 2010\projects\gltut\gltut\gltut.cpp(98): warning C4305: 'argument' : truncation from 'double' to 'GLfloat'
     1>c:\users\adamcox9\documents\visual studio 2010\projects\gltut\gltut\gltut.cpp(98): warning C4305: 'argument' : truncation from 'double' to 'GLfloat'
     1>c:\users\adamcox9\documents\visual studio 2010\projects\gltut\gltut\gltut.cpp(99): warning C4305: 'argument' : truncation from 'double' to 'GLfloat'
     1>c:\users\adamcox9\documents\visual studio 2010\projects\gltut\gltut\gltut.cpp(99): warning C4305: 'argument' : truncation from 'double' to 'GLfloat'
     1>c:\users\adamcox9\documents\visual studio 2010\projects\gltut\gltut\gltut.cpp(99): warning C4305: 'argument' : truncation from 'double' to 'GLfloat'
     1>c:\users\adamcox9\documents\visual studio 2010\projects\gltut\gltut\gltut.cpp(100): warning C4305: 'argument' : truncation from 'double' to 'GLfloat'
     1>c:\users\adamcox9\documents\visual studio 2010\projects\gltut\gltut\gltut.cpp(100): warning C4305: 'argument' : truncation from 'double' to 'GLfloat'
     1>c:\users\adamcox9\documents\visual studio 2010\projects\gltut\gltut\gltut.cpp(100): warning C4305: 'argument' : truncation from 'double' to 'GLfloat'
     1>c:\users\adamcox9\documents\visual studio 2010\projects\gltut\gltut\gltut.cpp(104): warning C4244: 'argument' : conversion from 'double' to 'GLfloat', possible loss of data
     1>c:\users\adamcox9\documents\visual studio 2010\projects\gltut\gltut\gltut.cpp(105): warning C4244: 'argument' : conversion from 'double' to 'GLfloat', possible loss of data
     1>c:\users\adamcox9\documents\visual studio 2010\projects\gltut\gltut\gltut.cpp(106): warning C4244: 'argument' : conversion from 'double' to 'GLfloat', possible loss of data
       ManifestResourceCompile:
         All outputs are up-to-date.
       Link:
         C:\Program Files (x86)\Microsoft Visual Studio 10.0\VC\bin\link.exe /ERRORREPORT:PROMPT /OUT:"C:\Users\AdamCox9\Documents\Visual Studio 2010\Projects\GLTUT\Debug\GLTUT.exe" /INCREMENTAL /NOLOGO kernel32.lib user32.lib gdi32.lib winspool.lib comdlg32.lib advapi32.lib shell32.lib ole32.lib oleaut32.lib uuid.lib odbc32.lib odbccp32.lib opengl32.lib glu32.lib glut32.lib glew32.lib kernel32.lib user32.lib gdi32.lib winspool.lib comdlg32.lib advapi32.lib shell32.lib ole32.lib oleaut32.lib uuid.lib odbc32.lib odbccp32.lib /MANIFEST /ManifestFile:"Debug\GLTUT.exe.intermediate.manifest" /MANIFESTUAC:"level='asInvoker' uiAccess='false'" /DEBUG /PDB:"C:\Users\AdamCox9\Documents\Visual Studio 2010\Projects\GLTUT\Debug\GLTUT.pdb" /SUBSYSTEM:CONSOLE /TLBID:1 /DYNAMICBASE /NXCOMPAT /IMPLIB:"C:\Users\AdamCox9\Documents\Visual Studio 2010\Projects\GLTUT\Debug\GLTUT.lib" /MACHINE:X86 Debug\GLTUT.exe.embed.manifest.res
         Debug\GLTUT.obj
       Manifest:
         C:\Program Files (x86)\Microsoft SDKs\Windows\v7.0A\bin\mt.exe /nologo /verbose /out:"Debug\GLTUT.exe.embed.manifest" /manifest Debug\GLTUT.exe.intermediate.manifest
         All outputs are up-to-date.
       LinkEmbedManifest:
         All outputs are up-to-date.
         GLTUT.vcxproj -> C:\Users\AdamCox9\Documents\Visual Studio 2010\Projects\GLTUT\Debug\GLTUT.exe
       FinalizeBuildStatus:
         Deleting file "Debug\GLTUT.unsuccessfulbuild".
         Touching "Debug\GLTUT.lastbuildstate".
     1>Done Building Project "C:\Users\AdamCox9\Documents\Visual Studio 2010\Projects\GLTUT\GLTUT\GLTUT.vcxproj" (build target(s)).

Build succeeded.

Time Elapsed 00:00:00.45
